<?xml version="1.0" encoding="UTF-8"?><testsuite errors="1" failures="0" name="Create a user and  account in gurubank" skipped="0" tests="1" time="4.53" timestamp="2021-08-25 11:31:16"><testcase name=": Create new user"><error message="Arity mismatch: Step Definition 'com.guru99.gurubank.pruebas.stepdefinitions.Guru99BankStepDefinitions.loginInGurubank(Guru99Bank&gt;) in file:/D:/SQA/SQA_JPMH/Reto1Serenity/build/classes/java/test/' with pattern [^Login in  gurubank$] is declared with 1 parameters. However, the gherkin step has 0 arguments []. &#10;Step text: Login in  gurubank" type="cucumber.runtime.CucumberException">Arity mismatch: Step Definition 'com.guru99.gurubank.pruebas.stepdefinitions.Guru99BankStepDefinitions.loginInGurubank(Guru99Bank&gt;) in file:/D:/SQA/SQA_JPMH/Reto1Serenity/build/classes/java/test/' with pattern [^Login in  gurubank$] is declared with 1 parameters. However, the gherkin step has 0 arguments []. 
Step text: Login in  gurubank</error><system-err>Arity mismatch: Step Definition 'com.guru99.gurubank.pruebas.stepdefinitions.Guru99BankStepDefinitions.loginInGurubank(Guru99Bank&gt;) in file:/D:/SQA/SQA_JPMH/Reto1Serenity/build/classes/java/test/' with pattern [^Login in  gurubank$] is declared with 1 parameters. However, the gherkin step has 0 arguments []. 
Step text: Login in  gurubank&#13;
cucumber.runner.Runner.runPickle(Runner.java:80)&#13;
</system-err></testcase></testsuite>